This is LuaHBTeX, Version 1.14.0 (TeX Live 2022/dev/Debian)  (format=lualatex 2025.2.18)  18 FEB 2025 12:21
 restricted system commands enabled.
**cpt_mesh.tex
(./cpt_mesh.tex
LaTeX2e <2021-11-15> patch level 1
[\directlua]:1: module 'luaotfload-main' not found:
	no field package.preload['luaotfload-main']
	[kpse lua searcher] file not found: 'luaotfload-main'
Error in luaotfload: reverting to OT1 L3 programming layer <2022-01-21>
Inserting `tracingstacklevels' at position 1 in `input_level_string'.
! You can't use `macro parameter character #' in vertical mode.
l.1 #
   ## Explanation of `cpt_mesh` Function
? 
! Emergency stop.
l.1 #
   ## Explanation of `cpt_mesh` Function
End of file on the terminal!



Here is how much of LuaTeX's memory you used:
 19 strings out of 477805
 100000,383344 words of node,token memory allocated 275 words of node memory still in use:
   1 hlist, 1 dir, 39 glue_spec nodes
   avail lists: 2:12,3:3,4:1
 20835 multiletter control sequences out of 65536+600000
 14 fonts using 591679 bytes
 13i,0n,12p,54b,15s stack positions out of 5000i,500n,10000p,200000b,80000s
!  ==> Fatal error occurred, no output PDF file produced!
